<?xml version="1.0" encoding="UTF-8"?>
<testng-results skipped="0" failed="0" ignored="0" total="1" passed="1">
  <reporter-output>
  </reporter-output>
  <suite name="Default suite" duration-ms="18338" started-at="2020-02-15T08:19:26Z" finished-at="2020-02-15T08:19:44Z">
    <groups>
    </groups>
    <test name="Default test" duration-ms="18338" started-at="2020-02-15T08:19:26Z" finished-at="2020-02-15T08:19:44Z">
      <class name="pagefactorywithoutannotations.LoginwithouFindBy">
        <test-method status="PASS" signature="login()[pri:0, instance:pagefactorywithoutannotations.LoginwithouFindBy@5afa04c]" name="login" duration-ms="18320" started-at="2020-02-15T13:49:26Z" finished-at="2020-02-15T13:49:44Z">
          <reporter-output>
          </reporter-output>
        </test-method> <!-- login -->
      </class> <!-- pagefactorywithoutannotations.LoginwithouFindBy -->
    </test> <!-- Default test -->
  </suite> <!-- Default suite -->
</testng-results>
